<?xml version="1.0" encoding="UTF-8"?>
<testng-results skipped="0" failed="0" ignored="0" total="4" passed="4">
  <reporter-output>
  </reporter-output>
  <suite name="Suite" duration-ms="44259" started-at="2018-05-20T07:24:13Z" finished-at="2018-05-20T07:24:57Z">
    <groups>
    </groups>
    <test name="Test" duration-ms="44259" started-at="2018-05-20T07:24:13Z" finished-at="2018-05-20T07:24:57Z">
      <class name="com.testdemo.LoginTest">
        <test-method status="PASS" signature="setup()[pri:0, instance:com.testdemo.LoginTest@4883b407]" name="setup" is-config="true" duration-ms="7073" started-at="2018-05-20T07:24:13Z" finished-at="2018-05-20T07:24:20Z">
          <reporter-output>
          </reporter-output>
        </test-method> <!-- setup -->
        <test-method status="PASS" signature="loginPageLogoTest()[pri:0, instance:com.testdemo.LoginTest@4883b407]" name="loginPageLogoTest" duration-ms="106" started-at="2018-05-20T07:24:20Z" finished-at="2018-05-20T07:24:20Z">
          <reporter-output>
          </reporter-output>
        </test-method> <!-- loginPageLogoTest -->
        <test-method status="PASS" signature="tearDown()[pri:0, instance:com.testdemo.LoginTest@4883b407]" name="tearDown" is-config="true" duration-ms="1250" started-at="2018-05-20T07:24:20Z" finished-at="2018-05-20T07:24:21Z">
          <reporter-output>
          </reporter-output>
        </test-method> <!-- tearDown -->
        <test-method status="PASS" signature="setup()[pri:0, instance:com.testdemo.LoginTest@4883b407]" name="setup" is-config="true" duration-ms="5161" started-at="2018-05-20T07:24:21Z" finished-at="2018-05-20T07:24:26Z">
          <reporter-output>
          </reporter-output>
        </test-method> <!-- setup -->
        <test-method status="PASS" signature="loginTest()[pri:0, instance:com.testdemo.LoginTest@4883b407]" name="loginTest" duration-ms="3546" started-at="2018-05-20T07:24:26Z" finished-at="2018-05-20T07:24:30Z">
          <reporter-output>
          </reporter-output>
        </test-method> <!-- loginTest -->
        <test-method status="PASS" signature="tearDown()[pri:0, instance:com.testdemo.LoginTest@4883b407]" name="tearDown" is-config="true" duration-ms="1367" started-at="2018-05-20T07:24:30Z" finished-at="2018-05-20T07:24:31Z">
          <reporter-output>
          </reporter-output>
        </test-method> <!-- tearDown -->
      </class> <!-- com.testdemo.LoginTest -->
      <class name="com.testdemo.HomePageTest">
        <test-method status="PASS" signature="setup()[pri:0, instance:com.testdemo.HomePageTest@7d9d1a19]" name="setup" is-config="true" duration-ms="8215" started-at="2018-05-20T07:24:31Z" finished-at="2018-05-20T07:24:39Z">
          <reporter-output>
          </reporter-output>
        </test-method> <!-- setup -->
        <test-method status="PASS" signature="homePageTitleTest()[pri:0, instance:com.testdemo.HomePageTest@7d9d1a19]" name="homePageTitleTest" duration-ms="20" started-at="2018-05-20T07:24:39Z" finished-at="2018-05-20T07:24:39Z">
          <reporter-output>
          </reporter-output>
        </test-method> <!-- homePageTitleTest -->
        <test-method status="PASS" signature="tearDown()[pri:0, instance:com.testdemo.HomePageTest@7d9d1a19]" name="tearDown" is-config="true" duration-ms="1177" started-at="2018-05-20T07:24:39Z" finished-at="2018-05-20T07:24:41Z">
          <reporter-output>
          </reporter-output>
        </test-method> <!-- tearDown -->
        <test-method status="PASS" signature="setup()[pri:0, instance:com.testdemo.HomePageTest@7d9d1a19]" name="setup" is-config="true" duration-ms="8318" started-at="2018-05-20T07:24:41Z" finished-at="2018-05-20T07:24:49Z">
          <reporter-output>
          </reporter-output>
        </test-method> <!-- setup -->
        <test-method status="PASS" signature="leadsLinkTest()[pri:0, instance:com.testdemo.HomePageTest@7d9d1a19]" name="leadsLinkTest" duration-ms="7177" started-at="2018-05-20T07:24:49Z" finished-at="2018-05-20T07:24:56Z">
          <reporter-output>
          </reporter-output>
        </test-method> <!-- leadsLinkTest -->
        <test-method status="PASS" signature="tearDown()[pri:0, instance:com.testdemo.HomePageTest@7d9d1a19]" name="tearDown" is-config="true" duration-ms="793" started-at="2018-05-20T07:24:56Z" finished-at="2018-05-20T07:24:57Z">
          <reporter-output>
          </reporter-output>
        </test-method> <!-- tearDown -->
      </class> <!-- com.testdemo.HomePageTest -->
    </test> <!-- Test -->
  </suite> <!-- Suite -->
</testng-results>
