<?xml version="1.0" encoding="UTF-8"?>
<!-- Generated by org.testng.reporters.JUnitXMLReporter -->
<testsuite hostname="hp" ignored="0" name="Test" tests="4" failures="0" timestamp="20 May 2018 07:24:57 GMT" time="44.259" errors="0">
  <testcase name="loginPageLogoTest" time="0.106" classname="com.testdemo.LoginTest"/>
  <testcase name="loginTest" time="3.546" classname="com.testdemo.LoginTest"/>
  <testcase name="homePageTitleTest" time="0.02" classname="com.testdemo.HomePageTest"/>
  <testcase name="leadsLinkTest" time="7.177" classname="com.testdemo.HomePageTest"/>
</testsuite> <!-- Test -->
